[debug] [2017-12-04T19:53:44.698Z] ----------------------------------------------------------------------
[debug] [2017-12-04T19:53:44.714Z] Command:       C:\Program Files\nodejs\node.exe C:\Users\markm\AppData\Roaming\npm\node_modules\firebase-tools\bin\firebase init
[debug] [2017-12-04T19:53:44.714Z] CLI Version:   3.16.0
[debug] [2017-12-04T19:53:44.714Z] Platform:      win32
[debug] [2017-12-04T19:53:44.714Z] Node Version:  v6.10.1
[debug] [2017-12-04T19:53:44.714Z] Time:          Mon Dec 04 2017 19:53:44 GMT+0000 (GMT Standard Time)
[debug] [2017-12-04T19:53:44.714Z] ----------------------------------------------------------------------
[debug] 
[debug] [2017-12-04T19:53:44.730Z] > command requires scopes: ["email","openid","https://www.googleapis.com/auth/cloudplatformprojects.readonly","https://www.googleapis.com/auth/firebase"]
[debug] [2017-12-04T19:53:44.730Z] > authorizing via signed-in user
[info] 
     ######## #### ########  ######## ########     ###     ######  ########
     ##        ##  ##     ## ##       ##     ##  ##   ##  ##       ##
     ######    ##  ########  ######   ########  #########  ######  ######
     ##        ##  ##    ##  ##       ##     ## ##     ##       ## ##
     ##       #### ##     ## ######## ########  ##     ##  ######  ########

You're about to initialize a Firebase project in this directory:

  C:\Users\markm\Desktop\arena\reults-app

[info] 
=== Project Setup
[info] 
[info] First, let's associate this project directory with a Firebase project.
[info] You can create multiple project aliases by running firebase use --add, 
[info] but for now we'll just set up a default project.
[info] 
[debug] [2017-12-04T19:54:07.934Z] > refreshing access token with scopes: ["email","https://www.googleapis.com/auth/cloudplatformprojects.readonly","https://www.googleapis.com/auth/firebase","openid"]
[debug] [2017-12-04T19:54:07.934Z] >>> HTTP REQUEST POST https://www.googleapis.com/oauth2/v3/token  
 { refresh_token: '1/IaarAoP2i42miixh7JxX_TQmjrljVjNCJAvbCTqfJW4',
  client_id: '563584335869-fgrhgmd47bqnekij5i8b5pr03ho849e6.apps.googleusercontent.com',
  client_secret: 'j9iVZfS8kkCEFUPaAeJV0sAi',
  grant_type: 'refresh_token',
  scope: 'email https://www.googleapis.com/auth/cloudplatformprojects.readonly https://www.googleapis.com/auth/firebase openid' } 
 Mon Dec 04 2017 19:54:07 GMT+0000 (GMT Standard Time)
[debug] [2017-12-04T19:54:08.155Z] <<< HTTP RESPONSE 200
[debug] [2017-12-04T19:54:08.186Z] >>> HTTP REQUEST GET https://admin.firebase.com/v1/projects  
  
 Mon Dec 04 2017 19:54:08 GMT+0000 (GMT Standard Time)
[debug] [2017-12-04T19:54:08.983Z] <<< HTTP RESPONSE 200
[info] 
=== Hosting Setup
[info] 
[info] Your public directory is the folder (relative to your project directory) that
[info] will contain Hosting assets to be uploaded with firebase deploy. If you
[info] have a build process for your assets, use your build's output directory.
[info] 
